<?xml version="1.0" encoding="UTF-8"?>
<testsuite xmlns:xsi="http://www.w3.org/2001/XMLSchema-instance" xsi:noNamespaceSchemaLocation="https://maven.apache.org/surefire/maven-surefire-plugin/xsd/surefire-test-report-3.0.xsd" version="3.0" name="com.kosmoskan.storing.WorkControllerTest" time="4.39" tests="8" errors="0" skipped="0" failures="0">
  <properties>
[...]
</properties>
  <testcase name="listFiles_ShouldReturnArray" classname="com.kosmoskan.storing.WorkControllerTest" time="0.346">
    <system-out><![CDATA[00:00:01.771 [main] INFO org.springframework.test.context.support.AnnotationConfigContextLoaderUtils -- Could not detect default configuration classes for test class [com.kosmoskan.storing.WorkControllerTest]: WorkControllerTest does not declare any static, non-private, non-final, nested classes annotated with @Configuration.
00:00:01.974 [main] INFO org.springframework.boot.test.context.SpringBootTestContextBootstrapper -- Found @SpringBootConfiguration com.kosmoskan.storing.StoringApplication for test class com.kosmoskan.storing.WorkControllerTest

  .   ____          _            __ _ _
 /\\ / ___'_ __ _ _(_)_ __  __ _ \ \ \ \
( ( )\___ | '_ | '_| | '_ \/ _` | \ \ \ \
 \\/  ___)| |_)| | | | | || (_| |  ) ) ) )
  '  |____| .__|_| |_|_| |_\__, | / / / /
 =========|_|==============|___/=/_/_/_/
 :: Spring Boot ::                (v3.2.0)

2026-05-23T00:00:02.650+03:00  INFO 24896 --- [file-storing-service] [           main] c.kosmoskan.storing.WorkControllerTest   : Starting WorkControllerTest using Java 17.0.17 with PID 24896 (started by never in C:\Users\never\IdeaProjects\CosmoScan\file-storing-service)
2026-05-23T00:00:02.653+03:00  INFO 24896 --- [file-storing-service] [           main] c.kosmoskan.storing.WorkControllerTest   : No active profile set, falling back to 1 default profile: "default"
2026-05-23T00:00:05.324+03:00  INFO 24896 --- [file-storing-service] [           main] o.s.b.t.m.w.SpringBootMockServletContext : Initializing Spring TestDispatcherServlet ''
2026-05-23T00:00:05.324+03:00  INFO 24896 --- [file-storing-service] [           main] o.s.t.web.servlet.TestDispatcherServlet  : Initializing Servlet ''
2026-05-23T00:00:05.327+03:00  INFO 24896 --- [file-storing-service] [           main] o.s.t.web.servlet.TestDispatcherServlet  : Completed initialization in 1 ms
2026-05-23T00:00:05.356+03:00  INFO 24896 --- [file-storing-service] [           main] c.kosmoskan.storing.WorkControllerTest   : Started WorkControllerTest in 3.269 seconds (process running for 4.721)
]]></system-out>
  </testcase>
  <testcase name="upload_FileTooLarge_ShouldReturn400" classname="com.kosmoskan.storing.WorkControllerTest" time="0.041"/>
  <testcase name="upload_InvalidFormat_ShouldReturn400" classname="com.kosmoskan.storing.WorkControllerTest" time="0.006"/>
  <testcase name="upload_ValidTxtFile_ShouldReturn200" classname="com.kosmoskan.storing.WorkControllerTest" time="0.014"/>
  <testcase name="listFiles_EmptyList_ShouldReturnEmptyArray" classname="com.kosmoskan.storing.WorkControllerTest" time="0.011"/>
  <testcase name="health_ShouldReturnOk" classname="com.kosmoskan.storing.WorkControllerTest" time="0.018"/>
  <testcase name="getFileMeta_NotFound_ShouldReturn404" classname="com.kosmoskan.storing.WorkControllerTest" time="0.006"/>
  <testcase name="getFileMeta_Existing_ShouldReturn200" classname="com.kosmoskan.storing.WorkControllerTest" time="0.006"/>
</testsuite>