<?xml version="1.0" encoding="UTF-8"?>
<testsuite xmlns:xsi="http://www.w3.org/2001/XMLSchema-instance" xsi:noNamespaceSchemaLocation="https://maven.apache.org/surefire/maven-surefire-plugin/xsd/surefire-test-report-3.0.xsd" version="3.0" name="com.kosmoskan.analysis.AnalysisServiceUnitTest" time="1.175" tests="12" errors="0" skipped="0" failures="0">
  <properties>
[...]
</properties>
  <testcase name="extractText_CaseSensitivity_WorksWithUppercase" classname="com.kosmoskan.analysis.AnalysisServiceUnitTest" time="0.038"/>
  <testcase name="extractText_NullContent_ReturnsEmpty" classname="com.kosmoskan.analysis.AnalysisServiceUnitTest" time="0.002"/>
  <testcase name="extractText_UnknownFormat_ReturnsEmpty" classname="com.kosmoskan.analysis.AnalysisServiceUnitTest" time="0.003"/>
  <testcase name="extractText_InvalidDocxBytes_ReturnsErrorMessage" classname="com.kosmoskan.analysis.AnalysisServiceUnitTest" time="0.293"/>
  <testcase name="extractText_ValidTxt_ReturnsContent" classname="com.kosmoskan.analysis.AnalysisServiceUnitTest" time="0.001"/>
  <testcase name="extractText_EmptyContent_ReturnsEmpty" classname="com.kosmoskan.analysis.AnalysisServiceUnitTest" time="0.0"/>
  <testcase name="extractText_InvalidPdfBytes_ReturnsErrorMessage" classname="com.kosmoskan.analysis.AnalysisServiceUnitTest" time="0.041">
    <system-out><![CDATA[Standard Commons Logging discovery in action with spring-jcl: please remove commons-logging.jar from classpath in order to avoid potential conflicts
]]></system-out>
  </testcase>
  <testcase name="generate_OnlyStopWords_ReturnsFalse(Path)" classname="com.kosmoskan.analysis.AnalysisServiceUnitTest" time="0.087"/>
  <testcase name="generate_EmptyString_ReturnsFalse(Path)" classname="com.kosmoskan.analysis.AnalysisServiceUnitTest" time="0.002"/>
  <testcase name="generate_ShortText_ReturnsFalse(Path)" classname="com.kosmoskan.analysis.AnalysisServiceUnitTest" time="0.002"/>
  <testcase name="generate_NullText_ReturnsFalse(Path)" classname="com.kosmoskan.analysis.AnalysisServiceUnitTest" time="0.003"/>
  <testcase name="generate_ValidText_CreatesFile(Path)" classname="com.kosmoskan.analysis.AnalysisServiceUnitTest" time="0.655">
    <system-out><![CDATA[00:05:07.270 [main] INFO com.kennycason.kumo.WordCloud -- placed: база (1/34)
00:05:07.276 [main] INFO com.kennycason.kumo.WordCloud -- placed: kubernetes (2/34)
00:05:07.277 [main] INFO com.kennycason.kumo.WordCloud -- placed: студент (3/34)
00:05:07.283 [main] INFO com.kennycason.kumo.WordCloud -- placed: контрольная (4/34)
00:05:07.284 [main] INFO com.kennycason.kumo.WordCloud -- placed: файл (5/34)
00:05:07.289 [main] INFO com.kennycason.kumo.WordCloud -- placed: архитектура (6/34)
00:05:07.300 [main] INFO com.kennycason.kumo.WordCloud -- placed: разработка (7/34)
00:05:07.302 [main] INFO com.kennycason.kumo.WordCloud -- placed: docker (8/34)
00:05:07.306 [main] INFO com.kennycason.kumo.WordCloud -- placed: преподаватель (9/34)
00:05:07.306 [main] INFO com.kennycason.kumo.WordCloud -- placed: spring (10/34)
00:05:07.307 [main] INFO com.kennycason.kumo.WordCloud -- placed: java (11/34)
00:05:07.319 [main] INFO com.kennycason.kumo.WordCloud -- placed: postgresql (12/34)
00:05:07.320 [main] INFO com.kennycason.kumo.WordCloud -- placed: размер (13/34)
00:05:07.320 [main] INFO com.kennycason.kumo.WordCloud -- placed: проверка (14/34)
00:05:07.321 [main] INFO com.kennycason.kumo.WordCloud -- placed: работа (15/34)
00:05:07.324 [main] INFO com.kennycason.kumo.WordCloud -- skipped: программирование (16/34)
00:05:07.325 [main] INFO com.kennycason.kumo.WordCloud -- placed: генерация (17/34)
00:05:07.326 [main] INFO com.kennycason.kumo.WordCloud -- placed: контейнеры (18/34)
00:05:07.327 [main] INFO com.kennycason.kumo.WordCloud -- placed: boot (19/34)
00:05:07.327 [main] INFO com.kennycason.kumo.WordCloud -- placed: тестирование (20/34)
00:05:07.329 [main] INFO com.kennycason.kumo.WordCloud -- placed: сессия (21/34)
00:05:07.333 [main] INFO com.kennycason.kumo.WordCloud -- placed: задание (22/34)
00:05:07.340 [main] INFO com.kennycason.kumo.WordCloud -- placed: практика (23/34)
00:05:07.344 [main] INFO com.kennycason.kumo.WordCloud -- placed: данных (24/34)
00:05:07.347 [main] INFO com.kennycason.kumo.WordCloud -- placed: покрытие (25/34)
00:05:07.350 [main] INFO com.kennycason.kumo.WordCloud -- skipped: технический (26/34)
00:05:07.354 [main] INFO com.kennycason.kumo.WordCloud -- placed: анализ (27/34)
00:05:07.355 [main] INFO com.kennycason.kumo.WordCloud -- placed: облако (28/34)
00:05:07.356 [main] INFO com.kennycason.kumo.WordCloud -- placed: слов (29/34)
00:05:07.360 [main] INFO com.kennycason.kumo.WordCloud -- skipped: университет (30/34)
00:05:07.363 [main] INFO com.kennycason.kumo.WordCloud -- placed: система (31/34)
00:05:07.367 [main] INFO com.kennycason.kumo.WordCloud -- skipped: микросервисы (32/34)
00:05:07.370 [main] INFO com.kennycason.kumo.WordCloud -- placed: формат (33/34)
00:05:07.373 [main] INFO com.kennycason.kumo.WordCloud -- skipped: лабораторная (34/34)
00:05:07.376 [main] INFO com.kennycason.kumo.WordCloud -- Saving WordCloud to: C:\Users\never\AppData\Local\Temp\junit1820842175097542172/wordcloud_test.png
]]></system-out>
  </testcase>
</testsuite>